TN:
SF:boat_movements/boat_OOP.ts
FN:5,(anonymous_0)
FN:10,(anonymous_1)
FN:62,main
FNF:3
FNH:3
FNDA:2,(anonymous_0)
FNDA:6,(anonymous_1)
FNDA:1,main
DA:1,1
DA:6,2
DA:12,6
DA:13,6
DA:16,6
DA:18,2
DA:21,4
DA:22,2
DA:25,2
DA:26,0
DA:29,2
DA:30,0
DA:33,2
DA:35,2
DA:36,2
DA:38,2
DA:40,4
DA:41,0
DA:45,0
DA:47,0
DA:48,0
DA:50,0
DA:52,0
DA:53,0
DA:57,2
DA:65,1
DA:74,1
DA:76,1
DA:77,1
DA:78,1
DA:82,1
LF:31
LH:22
BRDA:16,0,0,2
BRDA:16,0,1,4
BRDA:16,1,0,6
BRDA:16,1,1,6
BRDA:16,1,2,6
BRDA:16,1,3,6
BRDA:16,1,4,4
BRDA:16,1,5,4
BRDA:16,1,6,4
BRDA:16,1,7,4
BRDA:21,2,0,2
BRDA:21,2,1,2
BRDA:21,3,0,4
BRDA:21,3,1,2
BRDA:25,4,0,0
BRDA:25,4,1,2
BRDA:25,5,0,2
BRDA:25,5,1,2
BRDA:29,6,0,0
BRDA:29,6,1,2
BRDA:29,7,0,2
BRDA:29,7,1,2
BRDA:33,8,0,2
BRDA:33,8,1,0
BRDA:40,9,0,0
BRDA:40,9,1,4
BRDA:45,10,0,0
BRDA:45,10,1,0
BRDA:52,11,0,0
BRDA:52,11,1,0
BRF:30
BRH:22
end_of_record
TN:
SF:robot_grid/robot.ts
FN:6,(anonymous_0)
FN:11,(anonymous_1)
FN:32,(anonymous_2)
FN:38,main
FNF:4
FNH:4
FNDA:2,(anonymous_0)
FNDA:2,(anonymous_1)
FNDA:2,(anonymous_2)
FNDA:1,main
DA:1,1
DA:7,2
DA:8,2
DA:9,2
DA:12,2
DA:13,12
DA:15,4
DA:16,4
DA:18,4
DA:19,4
DA:21,2
DA:22,2
DA:24,2
DA:25,2
DA:33,2
DA:39,1
DA:40,1
DA:41,1
DA:44,1
LF:19
LH:19
BRDA:13,0,0,4
BRDA:13,0,1,4
BRDA:13,0,2,2
BRDA:13,0,3,2
BRDA:15,1,0,4
BRDA:15,1,1,0
BRDA:18,2,0,4
BRDA:18,2,1,0
BRDA:21,3,0,0
BRDA:21,3,1,2
BRDA:24,4,0,2
BRDA:24,4,1,0
BRF:12
BRH:8
end_of_record
