TN:
SF:cats_and_dogs_api/dist/models/pet.js
FN:13,(anonymous_0)
FN:22,(anonymous_1)
FN:42,(anonymous_2)
FN:49,(anonymous_3)
FNF:4
FNH:4
FNDA:14,(anonymous_0)
FNDA:10,(anonymous_1)
FNDA:6,(anonymous_2)
FNDA:5,(anonymous_3)
DA:2,4
DA:3,4
DA:4,4
DA:5,4
DA:14,14
DA:15,14
DA:16,14
DA:17,14
DA:18,14
DA:19,14
DA:20,14
DA:23,10
DA:24,10
DA:26,4
DA:27,4
DA:29,6
DA:30,6
DA:32,0
DA:33,0
DA:40,10
DA:43,6
DA:44,2
DA:45,4
DA:46,4
DA:47,4
DA:48,4
DA:49,5
DA:52,4
DA:55,4
LF:29
LH:27
BRDA:24,0,0,4
BRDA:24,0,1,6
BRDA:24,0,2,0
BRDA:43,1,0,2
BRDA:43,1,1,4
BRDA:48,2,0,4
BRDA:48,2,1,0
BRF:7
BRH:5
end_of_record
TN:
SF:cats_and_dogs_api/dist/services/meal_plan.js
FN:5,(anonymous_0)
FN:9,(anonymous_1)
FN:12,(anonymous_2)
FN:14,(anonymous_3)
FN:15,(anonymous_4)
FN:17,(anonymous_5)
FN:26,(anonymous_6)
FN:27,(anonymous_7)
FN:32,(anonymous_8)
FNF:9
FNH:6
FNDA:5,(anonymous_0)
FNDA:6,(anonymous_1)
FNDA:42,(anonymous_2)
FNDA:3,(anonymous_3)
FNDA:5,(anonymous_4)
FNDA:1,(anonymous_5)
FNDA:0,(anonymous_6)
FNDA:0,(anonymous_7)
FNDA:0,(anonymous_8)
DA:2,2
DA:3,2
DA:6,5
DA:7,5
DA:10,6
DA:11,6
DA:12,42
DA:15,5
DA:18,1
DA:19,2
DA:20,2
DA:21,14
DA:23,2
DA:27,0
DA:28,0
DA:29,0
DA:31,0
DA:32,0
DA:33,0
DA:34,0
DA:36,0
DA:37,0
DA:38,0
DA:41,2
LF:24
LH:14
BRDA:28,0,0,0
BRDA:28,0,1,0
BRDA:33,1,0,0
BRDA:33,1,1,0
BRF:4
BRH:0
end_of_record
TN:
SF:cats_and_dogs_api/dist/services/pet_service.js
FN:5,(anonymous_0)
FN:8,(anonymous_1)
FN:11,(anonymous_2)
FN:14,(anonymous_3)
FN:15,(anonymous_4)
FNF:5
FNH:2
FNDA:6,(anonymous_0)
FNDA:5,(anonymous_1)
FNDA:0,(anonymous_2)
FNDA:0,(anonymous_3)
FNDA:0,(anonymous_4)
DA:2,3
DA:3,3
DA:6,6
DA:9,5
DA:12,0
DA:15,0
DA:18,3
LF:7
LH:5
BRDA:5,0,0,0
BRF:1
BRH:0
end_of_record
